<?xml version="1.0" encoding="UTF-8"?>
<testng-results skipped="0" failed="0" total="1" passed="1">
  <reporter-output>
  </reporter-output>
  <suite name="Suite" duration-ms="18017" started-at="2019-11-12T19:01:40Z" finished-at="2019-11-12T19:01:58Z">
    <groups>
    </groups>
    <test name="Test" duration-ms="18017" started-at="2019-11-12T19:01:40Z" finished-at="2019-11-12T19:01:58Z">
      <class name="pkg.Ppassing">
        <test-method status="PASS" signature="openBrowser(java.lang.String)[pri:0, instance:pkg.Ppassing@337d0578]" name="openBrowser" duration-ms="17994" started-at="2019-11-12T19:01:40Z" finished-at="2019-11-12T19:01:58Z">
          <params>
            <param index="0">
              <value>
                <![CDATA[Chrome]]>
              </value>
            </param>
          </params>
        </test-method> <!-- openBrowser -->
      </class> <!-- pkg.Ppassing -->
    </test> <!-- Test -->
  </suite> <!-- Suite -->
</testng-results>
